<?xml version="1.0" encoding="UTF-8"?>
<!-- Generated by org.testng.reporters.JUnitReportReporter -->
<testsuite skipped="0" hostname="DESKTOP-A7L5GQS" name="com.test.Start4" tests="1" failures="0" timestamp="04 Aug 2018 03:37:47 GMT" time="2.603" errors="0">
  <testcase name="start" time="2.603" classname="com.test.Start4"/>
</testsuite> <!-- com.test.Start4 -->
