<?xml version="1.0" encoding="UTF-8"?>
<!-- Generated by org.testng.reporters.JUnitReportReporter -->
<testsuite skipped="0" hostname="DESKTOP-A7L5GQS" name="com.test.Start9" tests="1" failures="0" timestamp="04 Aug 2018 04:57:44 GMT" time="3.481" errors="0">
  <testcase name="start" time="3.481" classname="com.test.Start9"/>
</testsuite> <!-- com.test.Start9 -->
