<?xml version="1.0" encoding="UTF-8"?>
<!-- Generated by org.testng.reporters.JUnitReportReporter -->
<testsuite skipped="0" hostname="DESKTOP-A7L5GQS" name="com.test.Start5" tests="1" failures="0" timestamp="04 Aug 2018 03:04:44 GMT" time="2.501" errors="0">
  <testcase name="start" time="2.501" classname="com.test.Start5"/>
</testsuite> <!-- com.test.Start5 -->
