<?xml version="1.0" encoding="UTF-8"?>
<!-- Generated by org.testng.reporters.JUnitReportReporter -->
<testsuite skipped="0" hostname="DESKTOP-A7L5GQS" name="com.test.Start3" tests="1" failures="0" timestamp="04 Aug 2018 02:59:25 GMT" time="2.361" errors="0">
  <testcase name="start3" time="2.361" classname="com.test.Start3"/>
</testsuite> <!-- com.test.Start3 -->
