<?xml version="1.0" encoding="UTF-8"?>
<!-- Generated by org.testng.reporters.JUnitReportReporter -->
<testsuite skipped="0" hostname="DESKTOP-A7L5GQS" name="com.test.Start7" tests="1" failures="0" timestamp="04 Aug 2018 03:40:39 GMT" time="3.175" errors="0">
  <testcase name="start3" time="3.175" classname="com.test.Start7"/>
</testsuite> <!-- com.test.Start7 -->
