<?xml version="1.0" encoding="UTF-8"?>
<!-- Generated by org.testng.reporters.JUnitReportReporter -->
<testsuite skipped="0" hostname="DESKTOP-A7L5GQS" name="com.test.Start61" tests="1" failures="0" timestamp="04 Aug 2018 03:52:41 GMT" time="3.294" errors="0">
  <testcase name="start" time="3.294" classname="com.test.Start61"/>
</testsuite> <!-- com.test.Start61 -->
