<?xml version="1.0" encoding="UTF-8"?>
<!-- Generated by org.testng.reporters.JUnitReportReporter -->
<testsuite skipped="0" hostname="DESKTOP-A7L5GQS" name="com.test.Start" tests="1" failures="0" timestamp="04 Aug 2018 05:09:28 GMT" time="2.817" errors="0">
  <testcase name="start" time="2.817" classname="com.test.Start"/>
</testsuite> <!-- com.test.Start -->
