<?xml version="1.0" encoding="UTF-8"?>
<!-- Generated by org.testng.reporters.JUnitReportReporter -->
<testsuite skipped="0" hostname="DESKTOP-A7L5GQS" name="com.test.Start71" tests="1" failures="0" timestamp="04 Aug 2018 04:08:44 GMT" time="4.042" errors="0">
  <testcase name="start" time="4.042" classname="com.test.Start71"/>
</testsuite> <!-- com.test.Start71 -->
